{"date":"Thu Apr 05 2018 14:21:59 GMT-0500 (CDT)","process":{"pid":2348,"uid":501,"gid":20,"cwd":"/Users/maic/Dev/dc-example-website","execPath":"/usr/local/bin/node","version":"v4.2.3","argv":["/usr/local/bin/node","/Users/maic/Dev/dc-example-website/bin/www"],"memoryUsage":{"rss":72294400,"heapTotal":61999616,"heapUsed":39283192}},"os":{"loadavg":[1.87353515625,1.89111328125,1.90380859375],"uptime":10830},"trace":[{"column":15,"file":"module.js","function":"Module._resolveFilename","line":337,"method":"_resolveFilename","native":false},{"column":25,"file":"module.js","function":"Module._load","line":287,"method":"_load","native":false},{"column":17,"file":"module.js","function":"Module.require","line":366,"method":"require","native":false},{"column":17,"file":"module.js","function":"require","line":385,"method":null,"native":false},{"column":16,"file":"/Users/maic/Dev/dc-example-website/routes/preview.js","function":null,"line":3,"method":null,"native":false},{"column":26,"file":"module.js","function":"Module._compile","line":435,"method":"_compile","native":false},{"column":10,"file":"module.js","function":"Module._extensions..js","line":442,"method":".js","native":false},{"column":32,"file":"module.js","function":"Module.load","line":356,"method":"load","native":false},{"column":12,"file":"module.js","function":"Module._load","line":311,"method":"_load","native":false},{"column":17,"file":"module.js","function":"Module.require","line":366,"method":"require","native":false}],"stack":["Error: Cannot find module '../logger'","    at Function.Module._resolveFilename (module.js:337:15)","    at Function.Module._load (module.js:287:25)","    at Module.require (module.js:366:17)","    at require (module.js:385:17)","    at Object.<anonymous> (/Users/maic/Dev/dc-example-website/routes/preview.js:3:16)","    at Module._compile (module.js:435:26)","    at Object.Module._extensions..js (module.js:442:10)","    at Module.load (module.js:356:32)","    at Function.Module._load (module.js:311:12)","    at Module.require (module.js:366:17)"],"level":"error","message":"uncaughtException: Cannot find module '../logger'","timestamp":"2018-04-05T19:21:59.686Z"}
{"date":"Thu Apr 05 2018 14:22:36 GMT-0500 (CDT)","process":{"pid":2351,"uid":501,"gid":20,"cwd":"/Users/maic/Dev/dc-example-website","execPath":"/usr/local/bin/node","version":"v4.2.3","argv":["/usr/local/bin/node","/Users/maic/Dev/dc-example-website/bin/www"],"memoryUsage":{"rss":73109504,"heapTotal":61999616,"heapUsed":39286640}},"os":{"loadavg":[1.865234375,1.8857421875,1.9013671875],"uptime":10867},"trace":[{"column":15,"file":"module.js","function":"Module._resolveFilename","line":337,"method":"_resolveFilename","native":false},{"column":25,"file":"module.js","function":"Module._load","line":287,"method":"_load","native":false},{"column":17,"file":"module.js","function":"Module.require","line":366,"method":"require","native":false},{"column":17,"file":"module.js","function":"require","line":385,"method":null,"native":false},{"column":16,"file":"/Users/maic/Dev/dc-example-website/routes/preview.js","function":null,"line":3,"method":null,"native":false},{"column":26,"file":"module.js","function":"Module._compile","line":435,"method":"_compile","native":false},{"column":10,"file":"module.js","function":"Module._extensions..js","line":442,"method":".js","native":false},{"column":32,"file":"module.js","function":"Module.load","line":356,"method":"load","native":false},{"column":12,"file":"module.js","function":"Module._load","line":311,"method":"_load","native":false},{"column":17,"file":"module.js","function":"Module.require","line":366,"method":"require","native":false}],"stack":["Error: Cannot find module '../logger'","    at Function.Module._resolveFilename (module.js:337:15)","    at Function.Module._load (module.js:287:25)","    at Module.require (module.js:366:17)","    at require (module.js:385:17)","    at Object.<anonymous> (/Users/maic/Dev/dc-example-website/routes/preview.js:3:16)","    at Module._compile (module.js:435:26)","    at Object.Module._extensions..js (module.js:442:10)","    at Module.load (module.js:356:32)","    at Function.Module._load (module.js:311:12)","    at Module.require (module.js:366:17)"],"level":"error","message":"uncaughtException: Cannot find module '../logger'","timestamp":"2018-04-05T19:22:36.144Z"}
{"date":"Thu Apr 05 2018 14:22:47 GMT-0500 (CDT)","process":{"pid":2353,"uid":501,"gid":20,"cwd":"/Users/maic/Dev/dc-example-website","execPath":"/usr/local/bin/node","version":"v4.2.3","argv":["/usr/local/bin/node","/Users/maic/Dev/dc-example-website/bin/www"],"memoryUsage":{"rss":73035776,"heapTotal":61999616,"heapUsed":39282584}},"os":{"loadavg":[1.82666015625,1.87451171875,1.89697265625],"uptime":10878},"trace":[{"column":15,"file":"module.js","function":"Module._resolveFilename","line":337,"method":"_resolveFilename","native":false},{"column":25,"file":"module.js","function":"Module._load","line":287,"method":"_load","native":false},{"column":17,"file":"module.js","function":"Module.require","line":366,"method":"require","native":false},{"column":17,"file":"module.js","function":"require","line":385,"method":null,"native":false},{"column":16,"file":"/Users/maic/Dev/dc-example-website/routes/preview.js","function":null,"line":3,"method":null,"native":false},{"column":26,"file":"module.js","function":"Module._compile","line":435,"method":"_compile","native":false},{"column":10,"file":"module.js","function":"Module._extensions..js","line":442,"method":".js","native":false},{"column":32,"file":"module.js","function":"Module.load","line":356,"method":"load","native":false},{"column":12,"file":"module.js","function":"Module._load","line":311,"method":"_load","native":false},{"column":17,"file":"module.js","function":"Module.require","line":366,"method":"require","native":false}],"stack":["Error: Cannot find module '../logger'","    at Function.Module._resolveFilename (module.js:337:15)","    at Function.Module._load (module.js:287:25)","    at Module.require (module.js:366:17)","    at require (module.js:385:17)","    at Object.<anonymous> (/Users/maic/Dev/dc-example-website/routes/preview.js:3:16)","    at Module._compile (module.js:435:26)","    at Object.Module._extensions..js (module.js:442:10)","    at Module.load (module.js:356:32)","    at Function.Module._load (module.js:311:12)","    at Module.require (module.js:366:17)"],"level":"error","message":"uncaughtException: Cannot find module '../logger'","timestamp":"2018-04-05T19:22:47.487Z"}
{"date":"Thu Apr 05 2018 14:23:39 GMT-0500 (CDT)","process":{"pid":2367,"uid":501,"gid":20,"cwd":"/Users/maic/Dev/dc-example-website","execPath":"/usr/local/bin/node","version":"v4.2.3","argv":["/usr/local/bin/node","/Users/maic/Dev/dc-example-website/bin/www"],"memoryUsage":{"rss":72507392,"heapTotal":61999616,"heapUsed":39307712}},"os":{"loadavg":[1.95361328125,1.8935546875,1.90185546875],"uptime":10930},"trace":[{"column":15,"file":"module.js","function":"Module._resolveFilename","line":337,"method":"_resolveFilename","native":false},{"column":25,"file":"module.js","function":"Module._load","line":287,"method":"_load","native":false},{"column":17,"file":"module.js","function":"Module.require","line":366,"method":"require","native":false},{"column":17,"file":"module.js","function":"require","line":385,"method":null,"native":false},{"column":16,"file":"/Users/maic/Dev/dc-example-website/routes/preview.js","function":null,"line":3,"method":null,"native":false},{"column":26,"file":"module.js","function":"Module._compile","line":435,"method":"_compile","native":false},{"column":10,"file":"module.js","function":"Module._extensions..js","line":442,"method":".js","native":false},{"column":32,"file":"module.js","function":"Module.load","line":356,"method":"load","native":false},{"column":12,"file":"module.js","function":"Module._load","line":311,"method":"_load","native":false},{"column":17,"file":"module.js","function":"Module.require","line":366,"method":"require","native":false}],"stack":["Error: Cannot find module '../logger'","    at Function.Module._resolveFilename (module.js:337:15)","    at Function.Module._load (module.js:287:25)","    at Module.require (module.js:366:17)","    at require (module.js:385:17)","    at Object.<anonymous> (/Users/maic/Dev/dc-example-website/routes/preview.js:3:16)","    at Module._compile (module.js:435:26)","    at Object.Module._extensions..js (module.js:442:10)","    at Module.load (module.js:356:32)","    at Function.Module._load (module.js:311:12)","    at Module.require (module.js:366:17)"],"level":"error","message":"uncaughtException: Cannot find module '../logger'","timestamp":"2018-04-05T19:23:39.089Z"}
{"level":"info","message":"\u001b[0mGET /preview/timestamp?vse=u42nbbux7gl71p387etha3fgi-gvzrfgnzc-1522990800000.staging.bigcontent.io&timestamp=1522990800000 \u001b[31m500 \u001b[0m19.427 ms - 1113\u001b[0m\n","timestamp":"2018-04-05T19:24:17.227Z"}
{"level":"info","message":"/timestamp","timestamp":"2018-04-05T19:25:14.170Z"}
{"level":"info","message":"\u001b[0mGET /preview/timestamp?vse=u42nbbux7gl71p387etha3fgi-gvzrfgnzc-1522990800000.staging.bigcontent.io&timestamp=1522990800000 \u001b[36m302 \u001b[0m16.666 ms - 54\u001b[0m\n","timestamp":"2018-04-05T19:25:14.185Z"}
{"level":"info","message":"\u001b[0mGET /home \u001b[36m304 \u001b[0m2008.814 ms - -\u001b[0m\n","timestamp":"2018-04-05T19:25:16.198Z"}
{"level":"info","message":"\u001b[0mGET /images/logo.jpeg \u001b[36m304 \u001b[0m2.305 ms - -\u001b[0m\n","timestamp":"2018-04-05T19:25:16.224Z"}
{"level":"info","message":"\u001b[0mGET /images/AnyaFinn-Logo-rev.png \u001b[36m304 \u001b[0m1.996 ms - -\u001b[0m\n","timestamp":"2018-04-05T19:25:16.458Z"}
{"level":"info","message":"\u001b[0mGET /images/af-back-to-top.svg \u001b[36m304 \u001b[0m1.269 ms - -\u001b[0m\n","timestamp":"2018-04-05T19:25:16.460Z"}
{"level":"info","message":"\u001b[0mGET /public/css/main.css \u001b[36m304 \u001b[0m1011.763 ms - -\u001b[0m\n","timestamp":"2018-04-05T19:25:17.222Z"}
{"level":"info","message":"/timestamp","timestamp":"2018-04-05T19:29:48.875Z"}
{"level":"debug","message":"timestamp: 1522990800000","timestamp":"2018-04-05T19:29:48.878Z"}
{"level":"debug","message":"vse: u42nbbux7gl71p387etha3fgi-gvzrfgnzc-1522990800000.staging.bigcontent.io","timestamp":"2018-04-05T19:29:48.879Z"}
{"level":"info","message":"\u001b[0mGET /preview/timestamp?vse=u42nbbux7gl71p387etha3fgi-gvzrfgnzc-1522990800000.staging.bigcontent.io&timestamp=1522990800000 \u001b[36m302 \u001b[0m17.075 ms - 54\u001b[0m\n","timestamp":"2018-04-05T19:29:48.890Z"}
{"level":"info","message":"\u001b[0mGET /home \u001b[36m304 \u001b[0m1094.302 ms - -\u001b[0m\n","timestamp":"2018-04-05T19:29:49.990Z"}
{"level":"info","message":"\u001b[0mGET /images/logo.jpeg \u001b[36m304 \u001b[0m10.413 ms - -\u001b[0m\n","timestamp":"2018-04-05T19:29:50.014Z"}
{"level":"info","message":"\u001b[0mGET /images/af-back-to-top.svg \u001b[36m304 \u001b[0m1.360 ms - -\u001b[0m\n","timestamp":"2018-04-05T19:29:50.042Z"}
{"level":"info","message":"\u001b[0mGET /images/AnyaFinn-Logo-rev.png \u001b[36m304 \u001b[0m1.375 ms - -\u001b[0m\n","timestamp":"2018-04-05T19:29:50.146Z"}
{"level":"info","message":"\u001b[0mGET /public/css/main.css \u001b[36m304 \u001b[0m1082.162 ms - -\u001b[0m\n","timestamp":"2018-04-05T19:29:51.084Z"}
{"level":"info","message":"/timestamp","timestamp":"2018-04-05T19:34:36.610Z"}
{"level":"debug","message":"timestamp: 1522990800000","timestamp":"2018-04-05T19:34:36.613Z"}
{"level":"debug","message":"vse: u42nbbux7gl71p387etha3fgi-gvzrfgnzc-1522990800000.staging.bigcontent.io","timestamp":"2018-04-05T19:34:36.614Z"}
{"level":"info","message":"\u001b[0mGET /preview/timestamp?vse=u42nbbux7gl71p387etha3fgi-gvzrfgnzc-1522990800000.staging.bigcontent.io&timestamp=1522990800000 \u001b[36m302 \u001b[0m16.172 ms - 54\u001b[0m\n","timestamp":"2018-04-05T19:34:36.624Z"}
{"level":"info","message":"\u001b[0mGET /home \u001b[36m304 \u001b[0m2334.208 ms - -\u001b[0m\n","timestamp":"2018-04-05T19:34:38.964Z"}
{"level":"info","message":"\u001b[0mGET /images/logo.jpeg \u001b[36m304 \u001b[0m11.325 ms - -\u001b[0m\n","timestamp":"2018-04-05T19:34:38.988Z"}
{"level":"info","message":"\u001b[0mGET /images/af-back-to-top.svg \u001b[36m304 \u001b[0m3.706 ms - -\u001b[0m\n","timestamp":"2018-04-05T19:34:39.019Z"}
{"level":"info","message":"\u001b[0mGET /images/AnyaFinn-Logo-rev.png \u001b[36m304 \u001b[0m1.165 ms - -\u001b[0m\n","timestamp":"2018-04-05T19:34:39.130Z"}
{"level":"info","message":"\u001b[0mGET /public/css/main.css \u001b[36m304 \u001b[0m1057.851 ms - -\u001b[0m\n","timestamp":"2018-04-05T19:34:40.033Z"}
{"level":"error","message":"404 - Not Found - /foo - GET - ::1","timestamp":"2018-04-05T19:34:44.230Z"}
{"level":"info","message":"\u001b[0mGET /foo \u001b[33m404 \u001b[0m3.237 ms - 1037\u001b[0m\n","timestamp":"2018-04-05T19:34:44.232Z"}
{"level":"info","message":"/timestamp","timestamp":"2018-04-05T19:36:02.617Z"}
{"level":"debug","message":"timestamp: 1523077200000","timestamp":"2018-04-05T19:36:02.617Z"}
{"level":"debug","message":"vse: u42nbbux7gl71p387etha3fgi-gvzrfgnzc-1523077200000.staging.bigcontent.io","timestamp":"2018-04-05T19:36:02.617Z"}
{"level":"info","message":"\u001b[0mGET /preview/timestamp?vse=u42nbbux7gl71p387etha3fgi-gvzrfgnzc-1523077200000.staging.bigcontent.io&timestamp=1523077200000 \u001b[36m302 \u001b[0m2.718 ms - 54\u001b[0m\n","timestamp":"2018-04-05T19:36:02.619Z"}
{"level":"info","message":"\u001b[0mGET /home \u001b[32m200 \u001b[0m1039.183 ms - 8678\u001b[0m\n","timestamp":"2018-04-05T19:36:03.663Z"}
{"level":"info","message":"\u001b[0mGET /images/logo.jpeg \u001b[36m304 \u001b[0m0.840 ms - -\u001b[0m\n","timestamp":"2018-04-05T19:36:03.678Z"}
{"level":"info","message":"\u001b[0mGET /public/css/main.css \u001b[36m304 \u001b[0m781.380 ms - -\u001b[0m\n","timestamp":"2018-04-05T19:36:04.457Z"}
{"level":"info","message":"\u001b[0mGET /images/AnyaFinn-Logo-rev.png \u001b[36m304 \u001b[0m1.747 ms - -\u001b[0m\n","timestamp":"2018-04-05T19:36:04.461Z"}
{"level":"info","message":"\u001b[0mGET /images/af-back-to-top.svg \u001b[36m304 \u001b[0m1.373 ms - -\u001b[0m\n","timestamp":"2018-04-05T19:36:04.461Z"}
{"level":"info","message":"/preview","timestamp":"2018-04-05T19:39:48.712Z"}
{"level":"debug","message":"timestamp: 1522990800000","timestamp":"2018-04-05T19:39:48.715Z"}
{"level":"debug","message":"vse: u42nbbux7gl71p387etha3fgi-gvzrfgnzc-1522990800000.staging.bigcontent.io","timestamp":"2018-04-05T19:39:48.715Z"}
{"level":"info","message":"\u001b[0mGET /preview/timestamp?vse=u42nbbux7gl71p387etha3fgi-gvzrfgnzc-1522990800000.staging.bigcontent.io&timestamp=1522990800000 \u001b[36m302 \u001b[0m15.970 ms - 54\u001b[0m\n","timestamp":"2018-04-05T19:39:48.726Z"}
{"level":"info","message":"\u001b[0mGET /home \u001b[32m200 \u001b[0m1425.116 ms - 8654\u001b[0m\n","timestamp":"2018-04-05T19:39:50.157Z"}
{"level":"info","message":"\u001b[0mGET /images/logo.jpeg \u001b[36m304 \u001b[0m13.980 ms - -\u001b[0m\n","timestamp":"2018-04-05T19:39:50.191Z"}
{"level":"info","message":"\u001b[0mGET /images/af-back-to-top.svg \u001b[36m304 \u001b[0m1.003 ms - -\u001b[0m\n","timestamp":"2018-04-05T19:39:50.222Z"}
{"level":"info","message":"\u001b[0mGET /images/AnyaFinn-Logo-rev.png \u001b[36m304 \u001b[0m0.929 ms - -\u001b[0m\n","timestamp":"2018-04-05T19:39:50.320Z"}
{"level":"info","message":"\u001b[0mGET /public/css/main.css \u001b[36m304 \u001b[0m1028.033 ms - -\u001b[0m\n","timestamp":"2018-04-05T19:39:51.203Z"}
{"level":"info","message":"/preview","timestamp":"2018-04-05T19:47:15.891Z"}
{"level":"debug","message":"timestamp: 1522990800000","timestamp":"2018-04-05T19:47:15.891Z"}
{"level":"debug","message":"vse: u42nbbux7gl71p387etha3fgi-gvzrfgnzc-1522990800000.staging.bigcontent.io","timestamp":"2018-04-05T19:47:15.892Z"}
{"level":"info","message":"\u001b[0mGET /preview/timestamp?vse=u42nbbux7gl71p387etha3fgi-gvzrfgnzc-1522990800000.staging.bigcontent.io&timestamp=1522990800000 \u001b[36m302 \u001b[0m3.212 ms - 54\u001b[0m\n","timestamp":"2018-04-05T19:47:15.893Z"}
{"level":"error","message":"500 - /Users/maic/Dev/dc-example-website/views/layouts/home.ejs:7\n    5| <%- content %>\n    6| <%- video %>\n >> 7| <%- splitblock %>\n    8| \n    9| <%- include('../components/footer.ejs'); %>\n    10| \n\nsplitblock is not defined - /home - GET - ::1","timestamp":"2018-04-05T19:47:17.649Z"}
{"level":"info","message":"\u001b[0mGET /home \u001b[31m500 \u001b[0m1753.960 ms - 1534\u001b[0m\n","timestamp":"2018-04-05T19:47:17.652Z"}
{"level":"info","message":"/preview","timestamp":"2018-04-05T19:48:07.670Z"}
{"level":"debug","message":"timestamp: 1522990800000","timestamp":"2018-04-05T19:48:07.673Z"}
{"level":"debug","message":"vse: u42nbbux7gl71p387etha3fgi-gvzrfgnzc-1522990800000.staging.bigcontent.io","timestamp":"2018-04-05T19:48:07.674Z"}
{"level":"info","message":"\u001b[0mGET /preview/timestamp?vse=u42nbbux7gl71p387etha3fgi-gvzrfgnzc-1522990800000.staging.bigcontent.io&timestamp=1522990800000 \u001b[36m302 \u001b[0m15.703 ms - 54\u001b[0m\n","timestamp":"2018-04-05T19:48:07.685Z"}
{"level":"info","message":"\u001b[0mGET /home \u001b[32m200 \u001b[0m883.836 ms - 8504\u001b[0m\n","timestamp":"2018-04-05T19:48:08.575Z"}
{"level":"info","message":"\u001b[0mGET /images/logo.jpeg \u001b[36m304 \u001b[0m2.305 ms - -\u001b[0m\n","timestamp":"2018-04-05T19:48:08.591Z"}
{"level":"info","message":"\u001b[0mGET /public/css/main.css \u001b[36m304 \u001b[0m1035.252 ms - -\u001b[0m\n","timestamp":"2018-04-05T19:48:09.623Z"}
{"level":"info","message":"\u001b[0mGET /images/af-back-to-top.svg \u001b[36m304 \u001b[0m1.844 ms - -\u001b[0m\n","timestamp":"2018-04-05T19:48:09.629Z"}
{"level":"info","message":"\u001b[0mGET /images/AnyaFinn-Logo-rev.png \u001b[36m304 \u001b[0m1.470 ms - -\u001b[0m\n","timestamp":"2018-04-05T19:48:09.630Z"}
{"level":"info","message":"/preview","timestamp":"2018-04-05T19:51:27.591Z"}
{"level":"debug","message":"timestamp: 1522990800000","timestamp":"2018-04-05T19:51:27.594Z"}
{"level":"debug","message":"vse: u42nbbux7gl71p387etha3fgi-gvzrfgnzc-1522990800000.staging.bigcontent.io","timestamp":"2018-04-05T19:51:27.594Z"}
{"level":"info","message":"\u001b[0mGET /preview/timestamp?vse=u42nbbux7gl71p387etha3fgi-gvzrfgnzc-1522990800000.staging.bigcontent.io&timestamp=1522990800000 \u001b[36m302 \u001b[0m15.442 ms - 54\u001b[0m\n","timestamp":"2018-04-05T19:51:27.606Z"}
{"level":"info","message":"\u001b[0mGET /home \u001b[36m304 \u001b[0m2099.768 ms - -\u001b[0m\n","timestamp":"2018-04-05T19:51:29.711Z"}
{"level":"info","message":"\u001b[0mGET /images/logo.jpeg \u001b[36m304 \u001b[0m2.104 ms - -\u001b[0m\n","timestamp":"2018-04-05T19:51:29.726Z"}
{"level":"info","message":"\u001b[0mGET /images/af-back-to-top.svg \u001b[36m304 \u001b[0m2.182 ms - -\u001b[0m\n","timestamp":"2018-04-05T19:51:29.751Z"}
{"level":"info","message":"\u001b[0mGET /images/AnyaFinn-Logo-rev.png \u001b[36m304 \u001b[0m22.615 ms - -\u001b[0m\n","timestamp":"2018-04-05T19:51:29.882Z"}
{"level":"info","message":"\u001b[0mGET /public/css/main.css \u001b[36m304 \u001b[0m956.138 ms - -\u001b[0m\n","timestamp":"2018-04-05T19:51:30.678Z"}
{"level":"error","message":"404 - Not Found - / - GET - ::1","timestamp":"2018-04-05T19:58:29.002Z"}
{"level":"info","message":"\u001b[0mGET / \u001b[33m404 \u001b[0m3.992 ms - 1037\u001b[0m\n","timestamp":"2018-04-05T19:58:29.006Z"}
{"level":"info","message":"\u001b[0mGET / \u001b[32m200 \u001b[0m1218.778 ms - 6118\u001b[0m\n","timestamp":"2018-04-05T19:59:56.130Z"}
{"level":"info","message":"\u001b[0mGET /images/logo.jpeg \u001b[36m304 \u001b[0m3.542 ms - -\u001b[0m\n","timestamp":"2018-04-05T19:59:56.178Z"}
{"level":"info","message":"\u001b[0mGET /images/af-back-to-top.svg \u001b[36m304 \u001b[0m1.234 ms - -\u001b[0m\n","timestamp":"2018-04-05T19:59:56.203Z"}
{"level":"info","message":"\u001b[0mGET /images/AnyaFinn-Logo-rev.png \u001b[36m304 \u001b[0m14.464 ms - -\u001b[0m\n","timestamp":"2018-04-05T19:59:56.310Z"}
{"level":"info","message":"\u001b[0mGET /public/css/main.css \u001b[36m304 \u001b[0m960.932 ms - -\u001b[0m\n","timestamp":"2018-04-05T19:59:57.131Z"}
{"level":"info","message":"/preview","timestamp":"2018-04-05T20:00:37.125Z"}
{"level":"debug","message":"timestamp: 1523077200000","timestamp":"2018-04-05T20:00:37.125Z"}
{"level":"debug","message":"vse: u42nbbux7gl71p387etha3fgi-gvzrfgnzc-1523077200000.staging.bigcontent.io","timestamp":"2018-04-05T20:00:37.125Z"}
{"level":"info","message":"\u001b[0mGET /preview/timestamp?vse=u42nbbux7gl71p387etha3fgi-gvzrfgnzc-1523077200000.staging.bigcontent.io&timestamp=1523077200000 \u001b[36m302 \u001b[0m7.255 ms - 54\u001b[0m\n","timestamp":"2018-04-05T20:00:37.132Z"}
{"level":"info","message":"\u001b[0mGET /home \u001b[32m200 \u001b[0m1038.516 ms - 8528\u001b[0m\n","timestamp":"2018-04-05T20:00:38.174Z"}
{"level":"info","message":"\u001b[0mGET /images/logo.jpeg \u001b[36m304 \u001b[0m0.574 ms - -\u001b[0m\n","timestamp":"2018-04-05T20:00:38.187Z"}
{"level":"info","message":"\u001b[0mGET /public/css/main.css \u001b[36m304 \u001b[0m805.583 ms - -\u001b[0m\n","timestamp":"2018-04-05T20:00:38.991Z"}
{"level":"info","message":"\u001b[0mGET /images/af-back-to-top.svg \u001b[36m304 \u001b[0m2.192 ms - -\u001b[0m\n","timestamp":"2018-04-05T20:00:39.000Z"}
{"level":"info","message":"\u001b[0mGET /images/AnyaFinn-Logo-rev.png \u001b[36m304 \u001b[0m1.611 ms - -\u001b[0m\n","timestamp":"2018-04-05T20:00:39.000Z"}
{"level":"info","message":"/preview","timestamp":"2018-04-05T20:00:57.416Z"}
{"level":"debug","message":"timestamp: 1522990800000","timestamp":"2018-04-05T20:00:57.417Z"}
{"level":"debug","message":"vse: u42nbbux7gl71p387etha3fgi-gvzrfgnzc-1522990800000.staging.bigcontent.io","timestamp":"2018-04-05T20:00:57.417Z"}
{"level":"info","message":"\u001b[0mGET /preview/timestamp?vse=u42nbbux7gl71p387etha3fgi-gvzrfgnzc-1522990800000.staging.bigcontent.io&timestamp=1522990800000 \u001b[36m302 \u001b[0m1.129 ms - 54\u001b[0m\n","timestamp":"2018-04-05T20:00:57.417Z"}
{"level":"info","message":"\u001b[0mGET /home \u001b[32m200 \u001b[0m850.581 ms - 8504\u001b[0m\n","timestamp":"2018-04-05T20:00:58.274Z"}
{"level":"info","message":"\u001b[0mGET /images/logo.jpeg \u001b[36m304 \u001b[0m0.480 ms - -\u001b[0m\n","timestamp":"2018-04-05T20:00:58.288Z"}
{"level":"info","message":"\u001b[0mGET /public/css/main.css \u001b[36m304 \u001b[0m609.452 ms - -\u001b[0m\n","timestamp":"2018-04-05T20:00:58.896Z"}
{"level":"info","message":"\u001b[0mGET /images/af-back-to-top.svg \u001b[36m304 \u001b[0m0.388 ms - -\u001b[0m\n","timestamp":"2018-04-05T20:00:58.897Z"}
{"level":"info","message":"\u001b[0mGET /images/AnyaFinn-Logo-rev.png \u001b[36m304 \u001b[0m0.310 ms - -\u001b[0m\n","timestamp":"2018-04-05T20:00:58.901Z"}
{"level":"info","message":"/preview","timestamp":"2018-04-05T20:01:06.414Z"}
{"level":"debug","message":"timestamp: 1522962060846","timestamp":"2018-04-05T20:01:06.415Z"}
{"level":"debug","message":"vse: u42nbbux7gl71p387etha3fgi-gvzrfgnzc-1522962060846.staging.bigcontent.io","timestamp":"2018-04-05T20:01:06.415Z"}
{"level":"info","message":"\u001b[0mGET /preview/timestamp?vse=u42nbbux7gl71p387etha3fgi-gvzrfgnzc-1522962060846.staging.bigcontent.io&timestamp=1522962060846 \u001b[36m302 \u001b[0m1.061 ms - 54\u001b[0m\n","timestamp":"2018-04-05T20:01:06.415Z"}
{"level":"info","message":"\u001b[0mGET /home \u001b[32m200 \u001b[0m737.198 ms - 8656\u001b[0m\n","timestamp":"2018-04-05T20:01:07.160Z"}
{"level":"info","message":"\u001b[0mGET /images/logo.jpeg \u001b[36m304 \u001b[0m0.478 ms - -\u001b[0m\n","timestamp":"2018-04-05T20:01:07.172Z"}
{"level":"info","message":"\u001b[0mGET /public/css/main.css \u001b[36m304 \u001b[0m606.435 ms - -\u001b[0m\n","timestamp":"2018-04-05T20:01:07.777Z"}
{"level":"info","message":"\u001b[0mGET /images/AnyaFinn-Logo-rev.png \u001b[36m304 \u001b[0m1.745 ms - -\u001b[0m\n","timestamp":"2018-04-05T20:01:07.780Z"}
{"level":"info","message":"\u001b[0mGET /images/af-back-to-top.svg \u001b[36m304 \u001b[0m1.313 ms - -\u001b[0m\n","timestamp":"2018-04-05T20:01:07.781Z"}
{"level":"info","message":"/preview","timestamp":"2018-04-05T20:01:32.143Z"}
{"level":"debug","message":"timestamp: 1523077200000","timestamp":"2018-04-05T20:01:32.143Z"}
{"level":"debug","message":"vse: u42nbbux7gl71p387etha3fgi-gvzrfgnzc-1523077200000.staging.bigcontent.io","timestamp":"2018-04-05T20:01:32.143Z"}
{"level":"info","message":"\u001b[0mGET /preview/timestamp?vse=u42nbbux7gl71p387etha3fgi-gvzrfgnzc-1523077200000.staging.bigcontent.io&timestamp=1523077200000 \u001b[36m302 \u001b[0m1.551 ms - 54\u001b[0m\n","timestamp":"2018-04-05T20:01:32.144Z"}
{"level":"info","message":"\u001b[0mGET /home \u001b[32m200 \u001b[0m838.604 ms - 8528\u001b[0m\n","timestamp":"2018-04-05T20:01:32.990Z"}
{"level":"info","message":"\u001b[0mGET /images/logo.jpeg \u001b[36m304 \u001b[0m0.328 ms - -\u001b[0m\n","timestamp":"2018-04-05T20:01:33.003Z"}
{"level":"info","message":"\u001b[0mGET /public/css/main.css \u001b[36m304 \u001b[0m770.706 ms - -\u001b[0m\n","timestamp":"2018-04-05T20:01:33.773Z"}
{"level":"info","message":"\u001b[0mGET /images/af-back-to-top.svg \u001b[36m304 \u001b[0m1.039 ms - -\u001b[0m\n","timestamp":"2018-04-05T20:01:33.776Z"}
{"level":"info","message":"\u001b[0mGET /images/AnyaFinn-Logo-rev.png \u001b[36m304 \u001b[0m0.543 ms - -\u001b[0m\n","timestamp":"2018-04-05T20:01:33.780Z"}
